{"level":"info","ts":1674111677.7343874,"msg":"服务端配置自定义端口已配置成功 127.0.0.1:4441","trace_id":"00000000000000000000000000000000","span_id":"0000000000000000","trace_flags":"00"}
{"level":"info","ts":1674111677.7344728,"msg":"服务端配置自定义端口已配置成功 127.0.0.1:4441"}
{"level":"info","ts":1674111677.7363598,"msg":"服务端配置北极星注册中心已配置成功 name：hello-service，nameSpace:examples","trace_id":"00000000000000000000000000000000","span_id":"0000000000000000","trace_flags":"00"}
{"level":"info","ts":1674111677.7363713,"msg":"服务端配置北极星注册中心已配置成功 name：hello-service，nameSpace:examples"}
{"level":"info","ts":1674111677.7368424,"msg":"服务端配置链路已配置成功 ServiceName：hello-service，Endpoint:127.0.0.1:4317","trace_id":"00000000000000000000000000000000","span_id":"0000000000000000","trace_flags":"00"}
{"level":"info","ts":1674111677.7368574,"msg":"服务端配置链路已配置成功 ServiceName：hello-service，Endpoint:127.0.0.1:4317"}
{"level":"info","ts":1674111677.7368708,"msg":"客户端配置启用基本埋点和细粒度埋点 已启用 LevelDetailed：2","trace_id":"00000000000000000000000000000000","span_id":"0000000000000000","trace_flags":"00"}
{"level":"info","ts":1674111677.7368798,"msg":"客户端配置启用基本埋点和细粒度埋点 已启用 LevelDetailed：2"}
{"level":"info","ts":1674111677.737208,"msg":"KITEX: server listen at addr=127.0.0.1:4441"}
{"level":"info","ts":1674111685.9417214,"msg":"Hello called : Request({Message:Hi,polaris!})","trace_id":"b9f0addba3e624c6e10fdf2ce67e9f4a","span_id":"0e3f5348eb9d6bce","trace_flags":"01"}
{"level":"info","ts":1674111686.94296,"msg":"Hello called : Request({Message:Hi,polaris!})","trace_id":"bb7abb925f54f1173a935a4b46ce7c9a","span_id":"9c98a942ddd4c7d0","trace_flags":"01"}
{"level":"info","ts":1674111687.9452605,"msg":"Hello called : Request({Message:Hi,polaris!})","trace_id":"294f5f3add774c850d0381686c0d3cde","span_id":"7542cf37d7d3a187","trace_flags":"01"}
{"level":"info","ts":1674111688.9469824,"msg":"Hello called : Request({Message:Hi,polaris!})","trace_id":"8ee7a51c33001355e08d6a905c1b302a","span_id":"5fbeb4144ecaf446","trace_flags":"01"}
{"level":"info","ts":1674111689.9488738,"msg":"Hello called : Request({Message:Hi,polaris!})","trace_id":"d45bd95a41dc823e331820148e537e50","span_id":"52f715392b29031b","trace_flags":"01"}
{"level":"info","ts":1674111690.9503474,"msg":"Hello called : Request({Message:Hi,polaris!})","trace_id":"02db9d894965470b93f3082d9b2b2959","span_id":"77d087f5281e56e8","trace_flags":"01"}
{"level":"info","ts":1674111691.9517326,"msg":"Hello called : Request({Message:Hi,polaris!})","trace_id":"ba8f62072779ea79bb2d5162744616e8","span_id":"b0e79230ba1d5f18","trace_flags":"01"}
{"level":"info","ts":1674111692.9535508,"msg":"Hello called : Request({Message:Hi,polaris!})","trace_id":"734b47b3bc6a54fed5edede464e414f2","span_id":"8b645541350930e7","trace_flags":"01"}
{"level":"info","ts":1674111693.955856,"msg":"Hello called : Request({Message:Hi,polaris!})","trace_id":"01c02c930b7a9c7f2cbe56e668502f76","span_id":"a5342d9aa66b65e9","trace_flags":"01"}
{"level":"info","ts":1674111694.9579148,"msg":"Hello called : Request({Message:Hi,polaris!})","trace_id":"04eb187eac5abd849ab1e811e967e85e","span_id":"ce8d4bbb76cd46b2","trace_flags":"01"}
{"level":"info","ts":1674111695.9603603,"msg":"Hello called : Request({Message:Hi,polaris!})","trace_id":"584b01da1e4206e0ea8d58e45ff95f45","span_id":"af9dceb6f166d0e7","trace_flags":"01"}
{"level":"info","ts":1674111696.9620275,"msg":"Hello called : Request({Message:Hi,polaris!})","trace_id":"61ac43a135d30ac070a26a621af8fe07","span_id":"100a5e793073989d","trace_flags":"01"}
{"level":"info","ts":1674111697.9640734,"msg":"Hello called : Request({Message:Hi,polaris!})","trace_id":"98d66ba77e04028e20f83a1da41cb3d9","span_id":"7d1c15057f8335c7","trace_flags":"01"}
{"level":"info","ts":1674111698.9657915,"msg":"Hello called : Request({Message:Hi,polaris!})","trace_id":"f5f8495776f58579c1c71a0673ca929c","span_id":"97fd22c440b4db67","trace_flags":"01"}
{"level":"info","ts":1674111699.9669785,"msg":"Hello called : Request({Message:Hi,polaris!})","trace_id":"d56351d4624e3cb17e5665794a1095d3","span_id":"8f5b9a93f56c5521","trace_flags":"01"}
{"level":"info","ts":1674111700.9687612,"msg":"Hello called : Request({Message:Hi,polaris!})","trace_id":"141feb2e75be7f7e3135eb676293663b","span_id":"5c41cf23341678a6","trace_flags":"01"}
{"level":"info","ts":1674111701.970811,"msg":"Hello called : Request({Message:Hi,polaris!})","trace_id":"d927d7436bda29dff9fd032a5b9d5ecb","span_id":"70560873cf3e5641","trace_flags":"01"}
{"level":"info","ts":1674111702.97318,"msg":"Hello called : Request({Message:Hi,polaris!})","trace_id":"62a10f216fc08c984203cf4eb788f2b0","span_id":"62355fa3296aa817","trace_flags":"01"}
{"level":"info","ts":1674111703.9753134,"msg":"Hello called : Request({Message:Hi,polaris!})","trace_id":"40aa6b96fce6bebbf4ac323e8fe8043f","span_id":"255dffca652fd750","trace_flags":"01"}
{"level":"info","ts":1674111704.9775603,"msg":"Hello called : Request({Message:Hi,polaris!})","trace_id":"42e80cb4bb6924452886fe5317c274ca","span_id":"a9e9af6986187f67","trace_flags":"01"}
{"level":"info","ts":1674112083.1670094,"msg":"服务端配置自定义端口已配置成功 127.0.0.1:4441","trace_id":"00000000000000000000000000000000","span_id":"0000000000000000","trace_flags":"00"}
{"level":"info","ts":1674112083.1671453,"msg":"服务端配置自定义端口已配置成功 127.0.0.1:4441"}
{"level":"info","ts":1674112083.1694937,"msg":"服务端配置北极星注册中心已配置成功 name：hello-service，nameSpace:examples","trace_id":"00000000000000000000000000000000","span_id":"0000000000000000","trace_flags":"00"}
{"level":"info","ts":1674112083.1695087,"msg":"服务端配置北极星注册中心已配置成功 name：hello-service，nameSpace:examples"}
{"level":"info","ts":1674112083.1699173,"msg":"服务端配置链路已配置成功 ServiceName：hello-service，Endpoint:127.0.0.1:4317","trace_id":"00000000000000000000000000000000","span_id":"0000000000000000","trace_flags":"00"}
{"level":"info","ts":1674112083.1699378,"msg":"服务端配置链路已配置成功 ServiceName：hello-service，Endpoint:127.0.0.1:4317"}
{"level":"info","ts":1674112083.1699579,"msg":"客户端配置启用基本埋点和细粒度埋点 已启用 LevelDetailed：2","trace_id":"00000000000000000000000000000000","span_id":"0000000000000000","trace_flags":"00"}
{"level":"info","ts":1674112083.169971,"msg":"客户端配置启用基本埋点和细粒度埋点 已启用 LevelDetailed：2"}
{"level":"info","ts":1674112083.1701932,"msg":"KITEX: server listen at addr=127.0.0.1:4441"}
{"level":"info","ts":1674112094.217443,"msg":"Hello called : Request({Message:Hi,polaris!})","trace_id":"f79d7e80fdd208833fde48a3534b8fde","span_id":"6b985893f1826271","trace_flags":"01"}
{"level":"info","ts":1674112095.219403,"msg":"Hello called : Request({Message:Hi,polaris!})","trace_id":"a7432418a69a5191e1fbd25b9d677671","span_id":"65c040a0da15f7aa","trace_flags":"01"}
{"level":"info","ts":1674112096.221078,"msg":"Hello called : Request({Message:Hi,polaris!})","trace_id":"5b6dda805876915adbc8de6bbb18483c","span_id":"6b18f9b8c8aab803","trace_flags":"01"}
{"level":"info","ts":1674112097.22325,"msg":"Hello called : Request({Message:Hi,polaris!})","trace_id":"14d1358b886ccb059f03db0a23a1d0c4","span_id":"c86b9de47a45c10d","trace_flags":"01"}
{"level":"info","ts":1674112098.2260003,"msg":"Hello called : Request({Message:Hi,polaris!})","trace_id":"f3cef493e8df21f37fb742b36fb4d85d","span_id":"18d4ea12c01354bc","trace_flags":"01"}
{"level":"info","ts":1674112099.228822,"msg":"Hello called : Request({Message:Hi,polaris!})","trace_id":"7a9cbead1ddcc8ce7a9e5ec27594b767","span_id":"64c172460701eb09","trace_flags":"01"}
{"level":"info","ts":1674112100.231546,"msg":"Hello called : Request({Message:Hi,polaris!})","trace_id":"033bea7cc1eb20eca3c319fd31220cde","span_id":"1925d43746a7062f","trace_flags":"01"}
{"level":"info","ts":1674112101.2330558,"msg":"Hello called : Request({Message:Hi,polaris!})","trace_id":"c5a7f63003de720afc18ac7c3640c2f1","span_id":"7765cde8e50e2727","trace_flags":"01"}
{"level":"info","ts":1674112102.2346404,"msg":"Hello called : Request({Message:Hi,polaris!})","trace_id":"db9bf0f2d0da533a51fefb34eaa59276","span_id":"ac40fc6d301714d7","trace_flags":"01"}
{"level":"info","ts":1674112103.2357035,"msg":"Hello called : Request({Message:Hi,polaris!})","trace_id":"b0c7a82f0fdad16c9570913a4823893d","span_id":"0614b871b3252f66","trace_flags":"01"}
{"level":"info","ts":1674112104.23756,"msg":"Hello called : Request({Message:Hi,polaris!})","trace_id":"bc14c16da1b6275b33952a9de8b499a1","span_id":"5ab64c5d72d6d229","trace_flags":"01"}
{"level":"info","ts":1674112105.239838,"msg":"Hello called : Request({Message:Hi,polaris!})","trace_id":"2a7a0f60eaee19a67e4d20625aa94057","span_id":"937063d36edb7d24","trace_flags":"01"}
{"level":"info","ts":1674112106.2412047,"msg":"Hello called : Request({Message:Hi,polaris!})","trace_id":"52eb35a89df2c5a82e3fdff75509b71f","span_id":"9876c45f795f9a2a","trace_flags":"01"}
{"level":"info","ts":1674112107.2435815,"msg":"Hello called : Request({Message:Hi,polaris!})","trace_id":"932ad27bc8e2de5598ddc4016fce3f62","span_id":"f9a718b0db7e277e","trace_flags":"01"}
{"level":"info","ts":1674112108.245567,"msg":"Hello called : Request({Message:Hi,polaris!})","trace_id":"f15ec7e25d1780bac6e9f76a21030221","span_id":"539afb8723478742","trace_flags":"01"}
{"level":"info","ts":1674112109.2471561,"msg":"Hello called : Request({Message:Hi,polaris!})","trace_id":"e35517f88d7081c90a8ab0e0d9a7775b","span_id":"6d2b7d4b8c3b0f0b","trace_flags":"01"}
{"level":"info","ts":1674112110.249227,"msg":"Hello called : Request({Message:Hi,polaris!})","trace_id":"0937b224b5b7f795312979042a66aced","span_id":"a9ed108f621df35d","trace_flags":"01"}
{"level":"info","ts":1674112111.2507017,"msg":"Hello called : Request({Message:Hi,polaris!})","trace_id":"2313dffa32a1d4947a54bad8f53d5dd6","span_id":"513607e59b90f7c5","trace_flags":"01"}
{"level":"info","ts":1674112112.2526393,"msg":"Hello called : Request({Message:Hi,polaris!})","trace_id":"e5704a249c66c5c8be1e7277ac5cd7a6","span_id":"ad7d4ae6fc4b8849","trace_flags":"01"}
{"level":"info","ts":1674112113.2549403,"msg":"Hello called : Request({Message:Hi,polaris!})","trace_id":"c75174a16c62df414afbadf5f5de772a","span_id":"98f70fffe1322ca8","trace_flags":"01"}
{"level":"info","ts":1674112114.257144,"msg":"Hello called : Request({Message:Hi,polaris!})","trace_id":"5686f0001543c0fd14271f9a7ed01805","span_id":"4d38d3433a08b335","trace_flags":"01"}
{"level":"info","ts":1674112115.2593477,"msg":"Hello called : Request({Message:Hi,polaris!})","trace_id":"86efb0439d2b0ef6a0eb93177baf793d","span_id":"8d3ce90107681c66","trace_flags":"01"}
{"level":"info","ts":1674112116.2607775,"msg":"Hello called : Request({Message:Hi,polaris!})","trace_id":"f31dd09cec7b7237b780f4c2a4a88ad3","span_id":"1ac9367bf9a8a2cb","trace_flags":"01"}
{"level":"info","ts":1674112117.2625225,"msg":"Hello called : Request({Message:Hi,polaris!})","trace_id":"37b73d398cb451b5e49283977c530133","span_id":"c6180e27feb2da8b","trace_flags":"01"}
{"level":"info","ts":1674112118.2647083,"msg":"Hello called : Request({Message:Hi,polaris!})","trace_id":"c67a0824260ee34e5a6d1e2353c64428","span_id":"1f47aaf1a589b5fa","trace_flags":"01"}
{"level":"info","ts":1674112119.2668781,"msg":"Hello called : Request({Message:Hi,polaris!})","trace_id":"7681b472b690d111c070a27a3c278a92","span_id":"5ab45f05055d60f1","trace_flags":"01"}
